e:\mandarianautoanalysis\debug\现代汉语自动分析.bsc
e:\mandarianautoanalysis\debug\现代汉语自动分析.pch
e:\mandarianautoanalysis\debug\vc141.pdb
e:\mandarianautoanalysis\debug\vc141.idb
e:\mandarianautoanalysis\debug\stdafx.sbr
e:\mandarianautoanalysis\debug\stdafx.obj
e:\mandarianautoanalysis\debug\现代汉语自动分析view.sbr
e:\mandarianautoanalysis\debug\现代汉语自动分析doc.sbr
e:\mandarianautoanalysis\debug\现代汉语自动分析.sbr
e:\mandarianautoanalysis\debug\wordtagset.sbr
e:\mandarianautoanalysis\debug\taggingpos.sbr
e:\mandarianautoanalysis\debug\retrieval.sbr
e:\mandarianautoanalysis\debug\parsing.sbr
e:\mandarianautoanalysis\debug\myresourceclass.sbr
e:\mandarianautoanalysis\debug\mainfrm.sbr
e:\mandarianautoanalysis\debug\childfrm.sbr
e:\mandarianautoanalysis\debug\childfrm.obj
e:\mandarianautoanalysis\debug\myresourceclass.obj
e:\mandarianautoanalysis\debug\parsing.obj
e:\mandarianautoanalysis\debug\retrieval.obj
e:\mandarianautoanalysis\debug\现代汉语自动分析.obj
e:\mandarianautoanalysis\debug\现代汉语自动分析doc.obj
e:\mandarianautoanalysis\debug\现代汉语自动分析view.obj
e:\mandarianautoanalysis\debug\mainfrm.obj
e:\mandarianautoanalysis\debug\wordtagset.obj
e:\mandarianautoanalysis\debug\taggingpos.obj
e:\mandarianautoanalysis\debug\现代汉语自动分析.ilk
e:\mandarianautoanalysis\debug\现代汉语自动分析.exe
e:\mandarianautoanalysis\debug\现代汉语自动分析.pdb
e:\mandarianautoanalysis\debug\现代汉语自动分析.res
e:\mandarianautoanalysis\.\debug\现代汉语自动分析.exe
e:\mandarianautoanalysis\debug\现代汉语自动分析.tlog\bscmake.command.1.tlog
e:\mandarianautoanalysis\debug\现代汉语自动分析.tlog\bscmake.read.1.tlog
e:\mandarianautoanalysis\debug\现代汉语自动分析.tlog\bscmake.write.1.tlog
e:\mandarianautoanalysis\debug\现代汉语自动分析.tlog\cl.command.1.tlog
e:\mandarianautoanalysis\debug\现代汉语自动分析.tlog\cl.read.1.tlog
e:\mandarianautoanalysis\debug\现代汉语自动分析.tlog\cl.write.1.tlog
e:\mandarianautoanalysis\debug\现代汉语自动分析.tlog\link.command.1.tlog
e:\mandarianautoanalysis\debug\现代汉语自动分析.tlog\link.read.1.tlog
e:\mandarianautoanalysis\debug\现代汉语自动分析.tlog\link.write.1.tlog
e:\mandarianautoanalysis\debug\现代汉语自动分析.tlog\rc.command.1.tlog
e:\mandarianautoanalysis\debug\现代汉语自动分析.tlog\rc.read.1.tlog
e:\mandarianautoanalysis\debug\现代汉语自动分析.tlog\rc.write.1.tlog
